<?xml version="1.0" encoding="UTF-8"?>
<!-- Generated by org.testng.reporters.JUnitReportReporter -->
<testsuite hostname="base-HP-Desktop-Pro-G2" failures="0" tests="1" name="com.hybrid.TestCases.TC_LoginPageTest_001" time="3.244" errors="0" timestamp="2023-06-21T17:27:18 IST" skipped="0">
  <testcase classname="com.hybrid.TestCases.TC_LoginPageTest_001" name="loginTest" time="3.244"/>
  <system-out/>
</testsuite> <!-- com.hybrid.TestCases.TC_LoginPageTest_001 -->
