<?xml version="1.0" encoding="UTF-8"?>
<!-- Generated by org.testng.reporters.JUnitReportReporter -->
<testsuite hostname="LAPTOP-C0FVPHFG" failures="0" tests="1" name="com.hybrid.TestCases.TC_LoginPageTest_001" time="2.176" errors="0" timestamp="2022-12-03T16:17:26 IST" skipped="0">
  <testcase classname="com.hybrid.TestCases.TC_LoginPageTest_001" name="loginTest" time="2.176"/>
  <system-out/>
</testsuite> <!-- com.hybrid.TestCases.TC_LoginPageTest_001 -->
