<?xml version="1.0" encoding="UTF-8"?>
<!-- Generated by org.testng.reporters.JUnitReportReporter -->
<testsuite hostname="base-HP-Desktop-Pro-G2" failures="0" tests="2" name="com.hybrid.PageObjects.select_All_checkbox" time="9.877" errors="0" timestamp="2023-06-19T16:21:05 IST" skipped="0">
  <testcase classname="com.hybrid.PageObjects.select_All_checkbox" name="url" time="3.873"/>
  <system-out/>
  <testcase classname="com.hybrid.PageObjects.select_All_checkbox" name="select_all_checkbox" time="6.004"/>
  <system-out/>
</testsuite> <!-- com.hybrid.PageObjects.select_All_checkbox -->
